<?xml version="1.0" encoding="UTF-8"?>
<!-- Generated by org.testng.reporters.JUnitXMLReporter -->
<testsuite hostname="DESKTOP-2F9I86H" ignored="1" name="Default test" tests="1" failures="0" timestamp="2020-05-11T14:23:21 IST" time="40.751" errors="0">
  <testcase name="multipleIFrame" time="16.569" classname="EventHandling.IFrameHandling"/>
  <testcase name="getIntoIFrame" time="0.0" classname="EventHandling.IFrameHandling">
    <ignored/>
  </testcase> <!-- getIntoIFrame -->
</testsuite> <!-- Default test -->
