<?xml version="1.0" encoding="UTF-8"?>
<!-- Generated by org.testng.reporters.JUnitXMLReporter -->
<testsuite hostname="DESKTOP-2F9I86H" ignored="0" name="Test" tests="2" failures="1" timestamp="2020-04-20T13:15:44 IST" time="13.197" errors="0">
  <testcase name="loginToApp" time="9.059" classname="TestCases.LoginTest">
    <failure type="java.lang.AssertionError" message="Element Present on Page!! did not expect to find [false] but found [true]">
      <![CDATA[java.lang.AssertionError: Element Present on Page!! did not expect to find [false] but found [true]
at TestCases.LoginTest.loginToApp(LoginTest.java:30)
... Removed 28 stack frames]]>
    </failure>
  </testcase> <!-- loginToApp -->
  <testcase name="logOutApp" time="4.078" classname="TestCases.HomeTest"/>
</testsuite> <!-- Test -->
